== OUTPUT from successful build/deploy on Jenkins ==
=== details may change in later versions but the overall structure should remain ===

Started by user Peter Murray-Rust
Building remotely on slave-linux in workspace /var/hudson/workspace/workspace/pdf2svg
[pdf2svg] $ hg incoming --quiet --bundle hg.bundle --template "<changeset node='{node}' author='{author|xmlescape}' rev='{rev}' date='{date}'><msg>{desc|xmlescape}</msg><added>{file_adds|stringify|xmlescape}</added><deleted>{file_dels|stringify|xmlescape}</deleted><files>{files|stringify|xmlescape}</files><parents>{parents}</parents></changeset>\n" --rev default
[pdf2svg] $ hg unbundle hg.bundle
adding changesets
adding manifests
adding file changes
added 1 changesets with 1 changes to 1 files
(run 'hg update' to get a working copy)
[pdf2svg] $ hg update --clean --rev default
1 files updated, 0 files merged, 0 files removed, 0 files unresolved
[pdf2svg] $ hg log --rev . --template {node}
[pdf2svg] $ /bin/sh -xe /tmp/hudson2469292416095361290.sh
+ hg --config extensions.purge= clean --all -X .repository
+ hg --config extensions.purge= clean --all -I .repository/**/*-SNAPSHOT/**
Parsing POMs
[pdf2svg] $ java -Xmx1024m -XX:MaxPermSize=128m -cp /var/hudson/workspace/maven3-agent.jar:/var/hudson/opt/apache-maven-3.0.4/boot/plexus-classworlds-2.4.jar org.jvnet.hudson.maven3.agent.Maven3Main /var/hudson/opt/apache-maven-3.0.4 /var/hudson/workspace/slave.jar /var/hudson/workspace/maven3-interceptor.jar 42788
<===[JENKINS REMOTING CAPACITY]===>channel started
Executing Maven:  -B -f /var/hudson/workspace/workspace/pdf2svg/pom.xml -Dmaven.repo.local=/var/hudson/workspace/workspace/pdf2svg/.repository -U -fae clean source:jar install
[INFO] Scanning for projects...
Projects to build: [MavenProject: org.xml-cml:pdf2svg:0.1-SNAPSHOT @ /var/hudson/workspace/workspace/pdf2svg/pom.xml]
projectStarted org.xml-cml:pdf2svg:0.1-SNAPSHOT
[INFO]                                                                         
[INFO] ------------------------------------------------------------------------
[INFO] Building PDF2SVG 0.1-SNAPSHOT
[INFO] ------------------------------------------------------------------------
Downloading: https://maven.ch.cam.ac.uk/m2repo/org/xml-cml/euclid/1.1-SNAPSHOT/maven-metadata.xml
Downloading: https://oss.sonatype.org/content/repositories/snapshots/org/xml-cml/euclid/1.1-SNAPSHOT/maven-metadata.xml
Downloaded: https://maven.ch.cam.ac.uk/m2repo/org/xml-cml/euclid/1.1-SNAPSHOT/maven-metadata.xml (977 B at 1.5 KB/sec)
Downloading: https://maven.ch.cam.ac.uk/m2repo/org/xml-cml/euclid/1.1-SNAPSHOT/euclid-1.1-20121118.003808-52.pom
Downloaded: https://maven.ch.cam.ac.uk/m2repo/org/xml-cml/euclid/1.1-SNAPSHOT/euclid-1.1-20121118.003808-52.pom (7 KB at 93.5 KB/sec)
Downloading: https://oss.sonatype.org/content/repositories/snapshots/org/xml-cml/cmlxom/3.2-SNAPSHOT/maven-metadata.xml
Downloading: https://maven.ch.cam.ac.uk/m2repo/org/xml-cml/cmlxom/3.2-SNAPSHOT/maven-metadata.xml
Downloaded: https://maven.ch.cam.ac.uk/m2repo/org/xml-cml/cmlxom/3.2-SNAPSHOT/maven-metadata.xml (977 B at 14.9 KB/sec)
Downloading: https://maven.ch.cam.ac.uk/m2repo/org/xml-cml/cmlxom/3.2-SNAPSHOT/cmlxom-3.2-20121121.012305-84.pom
Downloaded: https://maven.ch.cam.ac.uk/m2repo/org/xml-cml/cmlxom/3.2-SNAPSHOT/cmlxom-3.2-20121121.012305-84.pom (9 KB at 86.7 KB/sec)
Downloading: https://maven.ch.cam.ac.uk/m2repo/org/xml-cml/svg/0.1-SNAPSHOT/maven-metadata.xml
Downloading: https://oss.sonatype.org/content/repositories/snapshots/org/xml-cml/svg/0.1-SNAPSHOT/maven-metadata.xml
Downloaded: https://maven.ch.cam.ac.uk/m2repo/org/xml-cml/svg/0.1-SNAPSHOT/maven-metadata.xml (970 B at 11.7 KB/sec)
Downloading: https://maven.ch.cam.ac.uk/m2repo/org/xml-cml/svg/0.1-SNAPSHOT/svg-0.1-20121121.024723-4.pom
Downloaded: https://maven.ch.cam.ac.uk/m2repo/org/xml-cml/svg/0.1-SNAPSHOT/svg-0.1-20121121.024723-4.pom (6 KB at 116.4 KB/sec)
Downloading: https://maven.ch.cam.ac.uk/m2repo/org/xml-cml/html/0.1-SNAPSHOT/maven-metadata.xml
Downloading: https://oss.sonatype.org/content/repositories/snapshots/org/xml-cml/html/0.1-SNAPSHOT/maven-metadata.xml
Downloaded: https://maven.ch.cam.ac.uk/m2repo/org/xml-cml/html/0.1-SNAPSHOT/maven-metadata.xml (971 B at 9.8 KB/sec)
Downloading: https://maven.ch.cam.ac.uk/m2repo/org/xml-cml/html/0.1-SNAPSHOT/html-0.1-20121121.024730-3.pom
Downloaded: https://maven.ch.cam.ac.uk/m2repo/org/xml-cml/html/0.1-SNAPSHOT/html-0.1-20121121.024730-3.pom (7 KB at 34.0 KB/sec)
Downloading: https://maven.ch.cam.ac.uk/m2repo/org/xml-cml/euclid/1.1-SNAPSHOT/euclid-1.1-20121118.003808-52.jar
Downloading: https://maven.ch.cam.ac.uk/m2repo/org/xml-cml/cmlxom/3.2-SNAPSHOT/cmlxom-3.2-20121121.012305-84.jar
Downloading: https://maven.ch.cam.ac.uk/m2repo/org/xml-cml/svg/0.1-SNAPSHOT/svg-0.1-20121121.024723-4.jar
Downloading: https://maven.ch.cam.ac.uk/m2repo/org/xml-cml/html/0.1-SNAPSHOT/html-0.1-20121121.024730-3.jar
Downloaded: https://maven.ch.cam.ac.uk/m2repo/org/xml-cml/html/0.1-SNAPSHOT/html-0.1-20121121.024730-3.jar (38 KB at 224.4 KB/sec)
Downloaded: https://maven.ch.cam.ac.uk/m2repo/org/xml-cml/svg/0.1-SNAPSHOT/svg-0.1-20121121.024723-4.jar (109 KB at 523.4 KB/sec)
Downloaded: https://maven.ch.cam.ac.uk/m2repo/org/xml-cml/euclid/1.1-SNAPSHOT/euclid-1.1-20121118.003808-52.jar (197 KB at 762.9 KB/sec)
Downloaded: https://maven.ch.cam.ac.uk/m2repo/org/xml-cml/cmlxom/3.2-SNAPSHOT/cmlxom-3.2-20121121.012305-84.jar (960 KB at 2566.0 KB/sec)
mojoStarted org.apache.maven.plugins:maven-clean-plugin:2.4.1(default-clean)
[INFO] 
[INFO] --- maven-clean-plugin:2.4.1:clean (default-clean) @ pdf2svg ---
mojoSucceeded org.apache.maven.plugins:maven-clean-plugin:2.4.1(default-clean)
forkedProjectStarted org.xml-cml:pdf2svg:0.1-SNAPSHOT
mojoStarted org.apache.maven.plugins:maven-enforcer-plugin:1.0(enforce-maven)
[INFO] 
[INFO] --- maven-enforcer-plugin:1.0:enforce (enforce-maven) @ pdf2svg ---
mojoSucceeded org.apache.maven.plugins:maven-enforcer-plugin:1.0(enforce-maven)
forkedProjectSucceeded org.xml-cml:pdf2svg:0.1-SNAPSHOTNov 21, 2012 7:02:08 AM hudson.maven.ExecutedMojo <init>
WARNING: Failed to getClass for org.apache.maven.plugin.source.SourceJarMojo

mojoStarted org.apache.maven.plugins:maven-source-plugin:2.1.2(default-cli)
[INFO] 
[INFO] --- maven-source-plugin:2.1.2:jar (default-cli) @ pdf2svg ---
[INFO] org already added, skipping
[INFO] org/xmlcml already added, skipping
[INFO] org/xmlcml/pdf2svg already added, skipping
[INFO] Building jar: /var/hudson/workspace/workspace/pdf2svg/target/pdf2svg-0.1-SNAPSHOT-sources.jar
[INFO] org already added, skipping
[INFO] org/xmlcml already added, skipping
[INFO] org/xmlcml/pdf2svg already added, skipping
mojoSucceeded org.apache.maven.plugins:maven-source-plugin:2.1.2(default-cli)
mojoStarted org.apache.maven.plugins:maven-enforcer-plugin:1.0(enforce-maven)
[INFO] 
[INFO] --- maven-enforcer-plugin:1.0:enforce (enforce-maven) @ pdf2svg ---
mojoSucceeded org.apache.maven.plugins:maven-enforcer-plugin:1.0(enforce-maven)
mojoStarted org.apache.maven.plugins:maven-resources-plugin:2.4.3(default-resources)
[INFO] 
[INFO] --- maven-resources-plugin:2.4.3:resources (default-resources) @ pdf2svg ---
[INFO] Using 'UTF-8' encoding to copy filtered resources.
[INFO] Copying 222 resources
mojoSucceeded org.apache.maven.plugins:maven-resources-plugin:2.4.3(default-resources)
mojoStarted org.apache.maven.plugins:maven-compiler-plugin:2.3.2(default-compile)
[INFO] 
[INFO] --- maven-compiler-plugin:2.3.2:compile (default-compile) @ pdf2svg ---
[INFO] Compiling 15 source files to /var/hudson/workspace/workspace/pdf2svg/target/classes
mojoSucceeded org.apache.maven.plugins:maven-compiler-plugin:2.3.2(default-compile)
[INFO] Using 'UTF-8' encoding to copy filtered resources.
mojoStarted org.apache.maven.plugins:maven-resources-plugin:2.4.3(default-testResources)
[INFO] 
[INFO] --- maven-resources-plugin:2.4.3:testResources (default-testResources) @ pdf2svg ---
[INFO] Copying 106 resources
mojoSucceeded org.apache.maven.plugins:maven-resources-plugin:2.4.3(default-testResources)
mojoStarted org.apache.maven.plugins:maven-compiler-plugin:2.3.2(default-testCompile)
[INFO] 
[INFO] --- maven-compiler-plugin:2.3.2:testCompile (default-testCompile) @ pdf2svg ---
[INFO] Compiling 9 source files to /var/hudson/workspace/workspace/pdf2svg/target/test-classes
mojoSucceeded org.apache.maven.plugins:maven-compiler-plugin:2.3.2(default-testCompile)
mojoStarted org.apache.maven.plugins:maven-surefire-plugin:2.7.1(default-test)
[INFO] 
[INFO] --- maven-surefire-plugin:2.7.1:test (default-test) @ pdf2svg ---
[INFO] Surefire report directory: /var/hudson/workspace/workspace/pdf2svg/target/surefire-reports

-------------------------------------------------------
 T E S T S
-------------------------------------------------------
Running org.xmlcml.pdf2svg.PublisherSetTest
Tests run: 2, Failures: 0, Errors: 0, Skipped: 0, Time elapsed: 0.298 sec
Running org.xmlcml.pdf2svg.PublisherTest
Tests run: 1, Failures: 0, Errors: 0, Skipped: 0, Time elapsed: 0.001 sec
Running org.xmlcml.pdf2svg.PDF2SVGConverterTest
Usage: pdf2svg [-password <pw>] [-nonseq] [-pages <page-ranges>] [-pub <pub>] [-outdir <dir>] [-nosvg] <input-file> ...

  -password <password>  Password to decrypt the document (default none)
  -nonseq               Enables the new non-sequential parser
  -pages <page-ranges>  Restrict pages to be output (default all)
  -pub <publisher>   Use publisher-specific info
  -outdir <dirname>     Location to write output SVG pages (default '.')
  -nosvg               Don't write SVG files 
  <input-file>          The PDF document to be loaded
0    [main] DEBUG org.xmlcml.pdf2svg.PDF2SVGConverter  - Parsing PDF file src/test/resources/page6.pdf
130  [main] DEBUG org.xmlcml.pdf2svg.PDF2SVGConverter  - Processing pages 1 (of 1)
131  [main] DEBUG org.xmlcml.pdf2svg.PDF2SVGConverter  - === 1 ===
133  [main] DEBUG org.xmlcml.pdf2svg.FontFamilySet  - FFSorg/xmlcml/pdf2svg/standardFontFamilySet.xml
135  [main] DEBUG org.xmlcml.pdf2svg.FontFamilySet  - FFSorg/xmlcml/pdf2svg/nonStandardFontFamilySet.xml
1378 [main] INFO  org.apache.pdfbox.util.PDFStreamEngine  - unsupported/disabled operation: i
2351 [main] DEBUG org.xmlcml.pdf2svg.AMIFontManager  - MTSYN is being added as new FontFamily (MTSYN)
2351 [main] DEBUG org.xmlcml.pdf2svg.AMIFontManager  - ami: isBold: false; isItalic: false; isSymbol: true; fontFamilyName: MTSYN; fontName: MTSYN; pdFont: org.apache.pdfbox.pdmodel.font.PDType1Font@338e18a3; fontDescriptor: org.apache.pdfbox.pdmodel.font.PDFontDescriptorDictionary@35f38fc6; fontType: PDType1Font; encoding: org.apache.pdfbox.encoding.DictionaryEncoding@9642bd6; fontEncoding: DictionaryEncoding; baseFont: MTSYN
2351 [main] DEBUG org.xmlcml.pdf2svg.AMIFontManager  - created new FontFamily: MTSYN
4109 [main] DEBUG org.xmlcml.pdf2svg.PDF2SVGConverter  - new fontFamilyNames: <fontFamilySet><fontFamily name="MTSYN" /></fontFamilySet>
4163 [main] DEBUG org.xmlcml.pdf2svg.PDF2SVGConverter  - Parsing PDF file src/test/resources/page6.pdf
4174 [main] DEBUG org.xmlcml.pdf2svg.PDF2SVGConverter  - Processing pages 1 (of 1)
4186 [main] DEBUG org.xmlcml.pdf2svg.PDF2SVGConverter  - === 1 ===
4186 [main] DEBUG org.xmlcml.pdf2svg.FontFamilySet  - FFSorg/xmlcml/pdf2svg/standardFontFamilySet.xml
4187 [main] DEBUG org.xmlcml.pdf2svg.FontFamilySet  - FFSorg/xmlcml/pdf2svg/nonStandardFontFamilySet.xml
4405 [main] INFO  org.apache.pdfbox.util.PDFStreamEngine  - unsupported/disabled operation: i
4952 [main] DEBUG org.xmlcml.pdf2svg.AMIFontManager  - MTSYN is being added as new FontFamily (MTSYN)
4953 [main] DEBUG org.xmlcml.pdf2svg.AMIFontManager  - ami: isBold: false; isItalic: false; isSymbol: true; fontFamilyName: MTSYN; fontName: MTSYN; pdFont: org.apache.pdfbox.pdmodel.font.PDType1Font@74ba86ef; fontDescriptor: org.apache.pdfbox.pdmodel.font.PDFontDescriptorDictionary@1f0f0c8; fontType: PDType1Font; encoding: org.apache.pdfbox.encoding.DictionaryEncoding@714fdb76; fontEncoding: DictionaryEncoding; baseFont: MTSYN
4953 [main] DEBUG org.xmlcml.pdf2svg.AMIFontManager  - created new FontFamily: MTSYN
5916 [main] DEBUG org.xmlcml.pdf2svg.PDF2SVGConverter  - new fontFamilyNames: <fontFamilySet><fontFamily name="MTSYN" /></fontFamilySet>
Usage: pdf2svg [-password <pw>] [-nonseq] [-pages <page-ranges>] [-pub <pub>] [-outdir <dir>] [-nosvg] <input-file> ...

  -password <password>  Password to decrypt the document (default none)
  -nonseq               Enables the new non-sequential parser
  -pages <page-ranges>  Restrict pages to be output (default all)
  -pub <publisher>   Use publisher-specific info
  -outdir <dirname>     Location to write output SVG pages (default '.')
  -nosvg               Don't write SVG files 
  <input-file>          The PDF document to be loaded
Tests run: 8, Failures: 0, Errors: 0, Skipped: 4, Time elapsed: 6.297 sec
Running org.xmlcml.pdf2svg.CodePointSetTest
Tests run: 6, Failures: 0, Errors: 0, Skipped: 0, Time elapsed: 0.084 sec
Running org.xmlcml.pdf2svg.FontFamilySetTest
Tests run: 2, Failures: 0, Errors: 0, Skipped: 0, Time elapsed: 0.18 sec
Running org.xmlcml.pdf2svg.FontFamilyTest
Tests run: 1, Failures: 0, Errors: 0, Skipped: 0, Time elapsed: 0.007 sec
Running org.xmlcml.pdf2svg.SVGSerializerTest
char 945 is ? i.e. alpha 
Tests run: 1, Failures: 0, Errors: 0, Skipped: 0, Time elapsed: 0.005 sec
Running org.xmlcml.pdf2svg.CodePointTest
Tests run: 2, Failures: 0, Errors: 0, Skipped: 0, Time elapsed: 0.022 sec

Results :

Tests run: 23, Failures: 0, Errors: 0, Skipped: 4

mojoSucceeded org.apache.maven.plugins:maven-surefire-plugin:2.7.1(default-test)
[JENKINS] Recording test results
mojoStarted org.apache.maven.plugins:maven-jar-plugin:2.3.1(default-jar)
[INFO] 
[INFO] --- maven-jar-plugin:2.3.1:jar (default-jar) @ pdf2svg ---
[INFO] Building jar: /var/hudson/workspace/workspace/pdf2svg/target/pdf2svg-0.1-SNAPSHOT.jar
mojoSucceeded org.apache.maven.plugins:maven-jar-plugin:2.3.1(default-jar)
mojoStarted org.apache.maven.plugins:maven-assembly-plugin:2.2(make-assembly)
[INFO] 
[INFO] --- maven-assembly-plugin:2.2:single (make-assembly) @ pdf2svg ---
[INFO] META-INF/ already added, skipping
[INFO] META-INF/MANIFEST.MF already added, skipping
[INFO] org/ already added, skipping
[INFO] META-INF/maven/ already added, skipping
[INFO] META-INF/MANIFEST.MF already added, skipping
[INFO] META-INF/ already added, skipping
[INFO] META-INF/maven/ already added, skipping
[INFO] org/ already added, skipping
[INFO] org/apache/ already added, skipping
[INFO] META-INF/ already added, skipping
[INFO] META-INF/MANIFEST.MF already added, skipping
[INFO] org/ already added, skipping
[INFO] org/apache/ already added, skipping
[INFO] org/apache/commons/ already added, skipping
[INFO] META-INF/LICENSE.txt already added, skipping
[INFO] META-INF/NOTICE.txt already added, skipping
[INFO] META-INF/maven/ already added, skipping
[INFO] META-INF/ already added, skipping
[INFO] META-INF/MANIFEST.MF already added, skipping
[INFO] org/ already added, skipping
[INFO] META-INF/LICENSE.txt already added, skipping
[INFO] META-INF/NOTICE.txt already added, skipping
[INFO] META-INF/maven/ already added, skipping
[INFO] META-INF/ already added, skipping
[INFO] META-INF/MANIFEST.MF already added, skipping
[INFO] org/ already added, skipping
[INFO] org/xmlcml/ already added, skipping
[INFO] header.txt already added, skipping
[INFO] META-INF/maven/ already added, skipping
[INFO] META-INF/maven/org.xml-cml/ already added, skipping
[INFO] META-INF/ already added, skipping
[INFO] META-INF/MANIFEST.MF already added, skipping
[INFO] org/ already added, skipping
[INFO] META-INF/ already added, skipping
[INFO] META-INF/MANIFEST.MF already added, skipping
[INFO] org/ already added, skipping
[INFO] META-INF/ already added, skipping
[INFO] META-INF/MANIFEST.MF already added, skipping
[INFO] org/ already added, skipping
[INFO] org/apache/ already added, skipping
[INFO] org/w3c/ already added, skipping
[INFO] org/w3c/dom/ already added, skipping
[INFO] org/w3c/dom/UserDataHandler.class already added, skipping
[INFO] META-INF/ already added, skipping
[INFO] META-INF/MANIFEST.MF already added, skipping
[INFO] org/ already added, skipping
[INFO] org/apache/ already added, skipping
[INFO] org/w3c/ already added, skipping
[INFO] org/w3c/dom/ already added, skipping
[INFO] org/w3c/dom/html/ already added, skipping
[INFO] META-INF/ already added, skipping
[INFO] META-INF/MANIFEST.MF already added, skipping
[INFO] META-INF/services/ already added, skipping
[INFO] org/ already added, skipping
[INFO] org/apache/ already added, skipping
[INFO] org/apache/xml/ already added, skipping
[INFO] META-INF/MANIFEST.MF already added, skipping
[INFO] META-INF/ already added, skipping
[INFO] META-INF/LICENSE already added, skipping
[INFO] META-INF/NOTICE already added, skipping
[INFO] META-INF/maven/ already added, skipping
[INFO] org/ already added, skipping
[INFO] org/apache/ already added, skipping
[INFO] META-INF/MANIFEST.MF already added, skipping
[INFO] META-INF/ already added, skipping
[INFO] META-INF/DEPENDENCIES already added, skipping
[INFO] META-INF/LICENSE already added, skipping
[INFO] META-INF/NOTICE already added, skipping
[INFO] META-INF/maven/ already added, skipping
[INFO] META-INF/maven/org.apache.pdfbox/ already added, skipping
[INFO] org/ already added, skipping
[INFO] org/apache/ already added, skipping
[INFO] META-INF/MANIFEST.MF already added, skipping
[INFO] META-INF/ already added, skipping
[INFO] META-INF/DEPENDENCIES already added, skipping
[INFO] META-INF/LICENSE already added, skipping
[INFO] META-INF/NOTICE already added, skipping
[INFO] META-INF/maven/ already added, skipping
[INFO] META-INF/maven/org.apache.pdfbox/ already added, skipping
[INFO] org/ already added, skipping
[INFO] org/apache/ already added, skipping
[INFO] META-INF/ already added, skipping
[INFO] META-INF/MANIFEST.MF already added, skipping
[INFO] org/ already added, skipping
[INFO] org/apache/ already added, skipping
[INFO] org/apache/commons/ already added, skipping
[INFO] META-INF/LICENSE already added, skipping
[INFO] META-INF/NOTICE already added, skipping
[INFO] META-INF/maven/ already added, skipping
[INFO] META-INF/ already added, skipping
[INFO] META-INF/MANIFEST.MF already added, skipping
[INFO] org/ already added, skipping
[INFO] org/xmlcml/ already added, skipping
[INFO] META-INF/maven/ already added, skipping
[INFO] META-INF/maven/org.xml-cml/ already added, skipping
[INFO] META-INF/ already added, skipping
[INFO] META-INF/MANIFEST.MF already added, skipping
[INFO] org/ already added, skipping
[INFO] org/xmlcml/ already added, skipping
[INFO] META-INF/maven/ already added, skipping
[INFO] META-INF/maven/org.xml-cml/ already added, skipping
[INFO] META-INF/ already added, skipping
[INFO] org/ already added, skipping
[INFO] org/w3c/ already added, skipping
[INFO] org/w3c/dom/ already added, skipping
[INFO] org/w3c/dom/Attr.class already added, skipping
[INFO] org/w3c/dom/CDATASection.class already added, skipping
[INFO] org/w3c/dom/CharacterData.class already added, skipping
[INFO] org/w3c/dom/Comment.class already added, skipping
[INFO] org/w3c/dom/DOMException.class already added, skipping
[INFO] org/w3c/dom/DOMImplementation.class already added, skipping
[INFO] org/w3c/dom/Document.class already added, skipping
[INFO] org/w3c/dom/DocumentFragment.class already added, skipping
[INFO] org/w3c/dom/DocumentType.class already added, skipping
[INFO] org/w3c/dom/Element.class already added, skipping
[INFO] org/w3c/dom/Entity.class already added, skipping
[INFO] org/w3c/dom/EntityReference.class already added, skipping
[INFO] org/w3c/dom/NamedNodeMap.class already added, skipping
[INFO] org/w3c/dom/Node.class already added, skipping
[INFO] org/w3c/dom/NodeList.class already added, skipping
[INFO] org/w3c/dom/Notation.class already added, skipping
[INFO] org/w3c/dom/ProcessingInstruction.class already added, skipping
[INFO] org/w3c/dom/Text.class already added, skipping
[INFO] org/xml/ already added, skipping
[INFO] org/xml/sax/ already added, skipping
[INFO] org/xml/sax/AttributeList.class already added, skipping
[INFO] org/xml/sax/Attributes.class already added, skipping
[INFO] org/xml/sax/ContentHandler.class already added, skipping
[INFO] org/xml/sax/DTDHandler.class already added, skipping
[INFO] org/xml/sax/DocumentHandler.class already added, skipping
[INFO] org/xml/sax/EntityResolver.class already added, skipping
[INFO] org/xml/sax/ErrorHandler.class already added, skipping
[INFO] org/xml/sax/HandlerBase.class already added, skipping
[INFO] org/xml/sax/InputSource.class already added, skipping
[INFO] org/xml/sax/Locator.class already added, skipping
[INFO] org/xml/sax/Parser.class already added, skipping
[INFO] org/xml/sax/SAXException.class already added, skipping
[INFO] org/xml/sax/SAXNotRecognizedException.class already added, skipping
[INFO] org/xml/sax/SAXNotSupportedException.class already added, skipping
[INFO] org/xml/sax/SAXParseException.class already added, skipping
[INFO] org/xml/sax/XMLFilter.class already added, skipping
[INFO] org/xml/sax/XMLReader.class already added, skipping
[INFO] META-INF/MANIFEST.MF already added, skipping
[INFO] META-INF/ already added, skipping
[INFO] META-INF/MANIFEST.MF already added, skipping
[INFO] org/ already added, skipping
[INFO] META-INF/LICENSE.txt already added, skipping
[INFO] META-INF/NOTICE.txt already added, skipping
[INFO] META-INF/maven/ already added, skipping
[INFO] META-INF/ already added, skipping
[INFO] META-INF/MANIFEST.MF already added, skipping
[INFO] META-INF/maven/ already added, skipping
[INFO] META-INF/ already added, skipping
[INFO] META-INF/MANIFEST.MF already added, skipping
[INFO] org/ already added, skipping
[INFO] org/apache/ already added, skipping
[INFO] org/apache/pdfbox/ already added, skipping
[INFO] org/apache/pdfbox/resources/ already added, skipping
[INFO] org/apache/pdfbox/resources/ttf/ already added, skipping
[INFO] org/apache/pdfbox/resources/cmap/ already added, skipping
[INFO] org/xmlcml/ already added, skipping
[INFO] log4j.properties already added, skipping
[INFO] org/apache/pdfbox/resources/PDFBox_External_Fonts.properties already added, skipping
[INFO] org/apache/pdfbox/resources/PageDrawer.properties already added, skipping
[INFO] org/apache/pdfbox/resources/FontMapping.properties already added, skipping
[INFO] org/apache/pdfbox/resources/PDFTextStripper.properties already added, skipping
[INFO] org/apache/pdfbox/resources/ttf/Arial-BoldItalicMT.ttf already added, skipping
[INFO] org/apache/pdfbox/resources/ttf/ArialMT.ttf already added, skipping
[INFO] org/apache/pdfbox/resources/ttf/Arial-BoldMT.ttf already added, skipping
[INFO] org/apache/pdfbox/resources/PDFMarkedContentExtractor.properties already added, skipping
[INFO] org/apache/pdfbox/resources/glyphlist.txt already added, skipping
[INFO] org/apache/pdfbox/resources/cmap/Add-H already added, skipping
[INFO] org/apache/pdfbox/resources/cmap/Hojo-EUC-H already added, skipping
[INFO] org/apache/pdfbox/resources/cmap/B5-V already added, skipping
[INFO] org/apache/pdfbox/resources/cmap/GBT-V already added, skipping
[INFO] org/apache/pdfbox/resources/cmap/GBT-EUC-V already added, skipping
[INFO] org/apache/pdfbox/resources/cmap/KSCms-UHC-V already added, skipping
[INFO] org/apache/pdfbox/resources/cmap/KSCms-UHC-HW-V already added, skipping
[INFO] org/apache/pdfbox/resources/cmap/GBK-EUC-H already added, skipping
[INFO] org/apache/pdfbox/resources/cmap/Adobe-Japan1-0 already added, skipping
[INFO] org/apache/pdfbox/resources/cmap/HKscs-B5-V already added, skipping
[INFO] org/apache/pdfbox/resources/cmap/CNS2-H already added, skipping
[INFO] org/apache/pdfbox/resources/cmap/GBTpc-EUC-H already added, skipping
[INFO] org/apache/pdfbox/resources/cmap/Hankaku already added, skipping
[INFO] org/apache/pdfbox/resources/cmap/UniCNS-UTF32-V already added, skipping
[INFO] org/apache/pdfbox/resources/cmap/Adobe-Japan1-6 already added, skipping
[INFO] org/apache/pdfbox/resources/cmap/UniJISX0213-UTF32-H already added, skipping
[INFO] org/apache/pdfbox/resources/cmap/UniHojo-UCS2-V already added, skipping
[INFO] org/apache/pdfbox/resources/cmap/UniKS-UTF16-H already added, skipping
[INFO] org/apache/pdfbox/resources/cmap/Adobe-CNS1-2 already added, skipping
[INFO] org/apache/pdfbox/resources/cmap/UniGB-UTF32-H already added, skipping
[INFO] org/apache/pdfbox/resources/cmap/UniKS-UCS2-H already added, skipping
[INFO] org/apache/pdfbox/resources/cmap/Roman already added, skipping
[INFO] org/apache/pdfbox/resources/cmap/Adobe-Japan1-1 already added, skipping
[INFO] org/apache/pdfbox/resources/cmap/90ms-RKSJ-V already added, skipping
[INFO] org/apache/pdfbox/resources/cmap/UniJISPro-UCS2-HW-V already added, skipping
[INFO] org/apache/pdfbox/resources/cmap/UniJIS-UCS2-HW-V already added, skipping
[INFO] org/apache/pdfbox/resources/cmap/UniJIS-UTF8-V already added, skipping
[INFO] org/apache/pdfbox/resources/cmap/90msp-RKSJ-V already added, skipping
[INFO] org/apache/pdfbox/resources/cmap/78-RKSJ-V already added, skipping
[INFO] org/apache/pdfbox/resources/cmap/Ext-RKSJ-V already added, skipping
[INFO] org/apache/pdfbox/resources/cmap/UniJIS-UCS2-HW-H already added, skipping
[INFO] org/apache/pdfbox/resources/cmap/UniJIS2004-UTF8-V already added, skipping
[INFO] org/apache/pdfbox/resources/cmap/GB-EUC-V already added, skipping
[INFO] org/apache/pdfbox/resources/cmap/90pv-RKSJ-H already added, skipping
[INFO] org/apache/pdfbox/resources/cmap/UniCNS-UCS2-H already added, skipping
[INFO] org/apache/pdfbox/resources/cmap/UniHojo-UTF32-H already added, skipping
[INFO] org/apache/pdfbox/resources/cmap/WP-Symbol already added, skipping
[INFO] org/apache/pdfbox/resources/cmap/Adobe-Korea1-UCS2 already added, skipping
[INFO] org/apache/pdfbox/resources/cmap/HKdla-B5-H already added, skipping
[INFO] org/apache/pdfbox/resources/cmap/B5pc-H already added, skipping
[INFO] org/apache/pdfbox/resources/cmap/Adobe-CNS1-6 already added, skipping
[INFO] org/apache/pdfbox/resources/cmap/ETen-B5-V already added, skipping
[INFO] org/apache/pdfbox/resources/cmap/Adobe-Japan1-UCS2 already added, skipping
[INFO] org/apache/pdfbox/resources/cmap/GB-H already added, skipping
[INFO] org/apache/pdfbox/resources/cmap/UniJISX02132004-UTF32-H already added, skipping
[INFO] org/apache/pdfbox/resources/cmap/Adobe-CNS1-1 already added, skipping
[INFO] org/apache/pdfbox/resources/cmap/UniHojo-UCS2-H already added, skipping
[INFO] org/apache/pdfbox/resources/cmap/GBT-EUC-H already added, skipping
[INFO] org/apache/pdfbox/resources/cmap/UniKS-UTF16-V already added, skipping
[INFO] org/apache/pdfbox/resources/cmap/Adobe-GB1-1 already added, skipping
[INFO] org/apache/pdfbox/resources/cmap/KSC-Johab-H already added, skipping
[INFO] org/apache/pdfbox/resources/cmap/KSC-EUC-H already added, skipping
[INFO] org/apache/pdfbox/resources/cmap/UniJIS-UTF32-V already added, skipping
[INFO] org/apache/pdfbox/resources/cmap/KSC-Johab-V already added, skipping
[INFO] org/apache/pdfbox/resources/cmap/NWP-H already added, skipping
[INFO] org/apache/pdfbox/resources/cmap/HKm471-B5-V already added, skipping
[INFO] org/apache/pdfbox/resources/cmap/GB-EUC-H already added, skipping
[INFO] org/apache/pdfbox/resources/cmap/Ext-H already added, skipping
[INFO] org/apache/pdfbox/resources/cmap/UniJIS-UCS2-H already added, skipping
[INFO] org/apache/pdfbox/resources/cmap/90ms-RKSJ-H already added, skipping
[INFO] org/apache/pdfbox/resources/cmap/Adobe-Japan2-0 already added, skipping
[INFO] org/apache/pdfbox/resources/cmap/GBKp-EUC-V already added, skipping
[INFO] org/apache/pdfbox/resources/cmap/Adobe-Japan1-3 already added, skipping
[INFO] org/apache/pdfbox/resources/cmap/ETHK-B5-V already added, skipping
[INFO] org/apache/pdfbox/resources/cmap/UniGB-UTF16-H already added, skipping
[INFO] org/apache/pdfbox/resources/cmap/UniCNS-UTF16-V already added, skipping
[INFO] org/apache/pdfbox/resources/cmap/Adobe-CNS1-5 already added, skipping
[INFO] org/apache/pdfbox/resources/cmap/CNS1-V already added, skipping
[INFO] org/apache/pdfbox/resources/cmap/83pv-RKSJ-H already added, skipping
[INFO] org/apache/pdfbox/resources/cmap/GBpc-EUC-H already added, skipping
[INFO] org/apache/pdfbox/resources/cmap/GBK2K-H already added, skipping
[INFO] org/apache/pdfbox/resources/cmap/CNS-EUC-H already added, skipping
[INFO] org/apache/pdfbox/resources/cmap/UniGB-UCS2-H already added, skipping
[INFO] org/apache/pdfbox/resources/cmap/GB-V already added, skipping
[INFO] org/apache/pdfbox/resources/cmap/Ext-V already added, skipping
[INFO] org/apache/pdfbox/resources/cmap/Add-RKSJ-V already added, skipping
[INFO] org/apache/pdfbox/resources/cmap/90pv-RKSJ-V already added, skipping
[INFO] org/apache/pdfbox/resources/cmap/Adobe-CNS1-3 already added, skipping
[INFO] org/apache/pdfbox/resources/cmap/UniHojo-UTF8-H already added, skipping
[INFO] org/apache/pdfbox/resources/cmap/Add-V already added, skipping
[INFO] org/apache/pdfbox/resources/cmap/Adobe-CNS1-4 already added, skipping
[INFO] org/apache/pdfbox/resources/cmap/UniJIS-UTF16-V already added, skipping
[INFO] org/apache/pdfbox/resources/cmap/UniGB-UTF32-V already added, skipping
[INFO] org/apache/pdfbox/resources/cmap/CNS1-H already added, skipping
[INFO] org/apache/pdfbox/resources/cmap/Identity-V already added, skipping
[INFO] org/apache/pdfbox/resources/cmap/UniJIS2004-UTF16-V already added, skipping
[INFO] org/apache/pdfbox/resources/cmap/UniHojo-UTF16-H already added, skipping
[INFO] org/apache/pdfbox/resources/cmap/UniHojo-UTF32-V already added, skipping
[INFO] org/apache/pdfbox/resources/cmap/Adobe-GB1-4 already added, skipping
[INFO] org/apache/pdfbox/resources/cmap/GBK-EUC-V already added, skipping
[INFO] org/apache/pdfbox/resources/cmap/GBTpc-EUC-V already added, skipping
[INFO] org/apache/pdfbox/resources/cmap/UniKS-UTF8-V already added, skipping
[INFO] org/apache/pdfbox/resources/cmap/UniGB-UTF8-H already added, skipping
[INFO] org/apache/pdfbox/resources/cmap/UniKS-UCS2-V already added, skipping
[INFO] org/apache/pdfbox/resources/cmap/Adobe-Japan1-4 already added, skipping
[INFO] org/apache/pdfbox/resources/cmap/EUC-H already added, skipping
[INFO] org/apache/pdfbox/resources/cmap/78-V already added, skipping
[INFO] org/apache/pdfbox/resources/cmap/UniCNS-UCS2-V already added, skipping
[INFO] org/apache/pdfbox/resources/cmap/KSCms-UHC-HW-H already added, skipping
[INFO] org/apache/pdfbox/resources/cmap/Hojo-EUC-V already added, skipping
[INFO] org/apache/pdfbox/resources/cmap/KSCpc-EUC-V already added, skipping
[INFO] org/apache/pdfbox/resources/cmap/UniJIS-UTF32-H already added, skipping
[INFO] org/apache/pdfbox/resources/cmap/Katakana already added, skipping
[INFO] org/apache/pdfbox/resources/cmap/UniJISX02132004-UTF32-V already added, skipping
[INFO] org/apache/pdfbox/resources/cmap/HKgccs-B5-H already added, skipping
[INFO] org/apache/pdfbox/resources/cmap/KSC-H already added, skipping
[INFO] org/apache/pdfbox/resources/cmap/ETen-B5-H already added, skipping
[INFO] org/apache/pdfbox/resources/cmap/Adobe-Japan1-2 already added, skipping
[INFO] org/apache/pdfbox/resources/cmap/GBT-H already added, skipping
[INFO] org/apache/pdfbox/resources/cmap/Adobe-Korea1-1 already added, skipping
[INFO] org/apache/pdfbox/resources/cmap/UniGB-UTF16-V already added, skipping
[INFO] org/apache/pdfbox/resources/cmap/UniCNS-UTF32-H already added, skipping
[INFO] org/apache/pdfbox/resources/cmap/Adobe-GB1-2 already added, skipping
[INFO] org/apache/pdfbox/resources/cmap/GBKp-EUC-H already added, skipping
[INFO] org/apache/pdfbox/resources/cmap/HKm314-B5-V already added, skipping
[INFO] org/apache/pdfbox/resources/cmap/RKSJ-V already added, skipping
[INFO] org/apache/pdfbox/resources/cmap/HKm314-B5-H already added, skipping
[INFO] org/apache/pdfbox/resources/cmap/UniJIS2004-UTF32-V already added, skipping
[INFO] org/apache/pdfbox/resources/cmap/UniJIS2004-UTF32-H already added, skipping
[INFO] org/apache/pdfbox/resources/cmap/UniKS-UTF32-H already added, skipping
[INFO] org/apache/pdfbox/resources/cmap/B5-H already added, skipping
[INFO] org/apache/pdfbox/resources/cmap/KSC-V already added, skipping
[INFO] org/apache/pdfbox/resources/cmap/UniJISX0213-UTF32-V already added, skipping
[INFO] org/apache/pdfbox/resources/cmap/UniJIS-UTF16-H already added, skipping
[INFO] org/apache/pdfbox/resources/cmap/UniJIS2004-UTF16-H already added, skipping
[INFO] org/apache/pdfbox/resources/cmap/UniJISPro-UCS2-V already added, skipping
[INFO] org/apache/pdfbox/resources/cmap/Hiragana already added, skipping
[INFO] org/apache/pdfbox/resources/cmap/78ms-RKSJ-H already added, skipping
[INFO] org/apache/pdfbox/resources/cmap/ETenms-B5-H already added, skipping
[INFO] org/apache/pdfbox/resources/cmap/UniKS-UTF32-V already added, skipping
[INFO] org/apache/pdfbox/resources/cmap/UniCNS-UTF8-V already added, skipping
[INFO] org/apache/pdfbox/resources/cmap/Adobe-GB1-3 already added, skipping
[INFO] org/apache/pdfbox/resources/cmap/NWP-V already added, skipping
[INFO] org/apache/pdfbox/resources/cmap/GBK2K-V already added, skipping
[INFO] org/apache/pdfbox/resources/cmap/UniJIS-UCS2-V already added, skipping
[INFO] org/apache/pdfbox/resources/cmap/Ext-RKSJ-H already added, skipping
[INFO] org/apache/pdfbox/resources/cmap/Identity-H already added, skipping
[INFO] org/apache/pdfbox/resources/cmap/Adobe-CNS1-UCS2 already added, skipping
[INFO] org/apache/pdfbox/resources/cmap/B5pc-V already added, skipping
[INFO] org/apache/pdfbox/resources/cmap/CNS-EUC-V already added, skipping
[INFO] org/apache/pdfbox/resources/cmap/78ms-RKSJ-V already added, skipping
[INFO] org/apache/pdfbox/resources/cmap/Hojo-H already added, skipping
[INFO] org/apache/pdfbox/resources/cmap/UniJIS-UTF8-H already added, skipping
[INFO] org/apache/pdfbox/resources/cmap/UniKS-UTF8-H already added, skipping
[INFO] org/apache/pdfbox/resources/cmap/EUC-V already added, skipping
[INFO] org/apache/pdfbox/resources/cmap/KSC-EUC-V already added, skipping
[INFO] org/apache/pdfbox/resources/cmap/HKm471-B5-H already added, skipping
[INFO] org/apache/pdfbox/resources/cmap/GBpc-EUC-V already added, skipping
[INFO] org/apache/pdfbox/resources/cmap/Hojo-V already added, skipping
[INFO] org/apache/pdfbox/resources/cmap/UniCNS-UTF8-H already added, skipping
[INFO] org/apache/pdfbox/resources/cmap/HKgccs-B5-V already added, skipping
[INFO] org/apache/pdfbox/resources/cmap/Adobe-Korea1-2 already added, skipping
[INFO] org/apache/pdfbox/resources/cmap/Adobe-Korea1-0 already added, skipping
[INFO] org/apache/pdfbox/resources/cmap/UniCNS-UTF16-H already added, skipping
[INFO] org/apache/pdfbox/resources/cmap/90msp-RKSJ-H already added, skipping
[INFO] org/apache/pdfbox/resources/cmap/Adobe-GB1-5 already added, skipping
[INFO] org/apache/pdfbox/resources/cmap/UniHojo-UTF8-V already added, skipping
[INFO] org/apache/pdfbox/resources/cmap/UniGB-UTF8-V already added, skipping
[INFO] org/apache/pdfbox/resources/cmap/HKdlb-B5-H already added, skipping
[INFO] org/apache/pdfbox/resources/cmap/Adobe-GB1-UCS2 already added, skipping
[INFO] org/apache/pdfbox/resources/cmap/CNS2-V already added, skipping
[INFO] org/apache/pdfbox/resources/cmap/KSCpc-EUC-H already added, skipping
[INFO] org/apache/pdfbox/resources/cmap/ETenms-B5-V already added, skipping
[INFO] org/apache/pdfbox/resources/cmap/ETHK-B5-H already added, skipping
[INFO] org/apache/pdfbox/resources/cmap/Adobe-GB1-0 already added, skipping
[INFO] org/apache/pdfbox/resources/cmap/Adobe-Japan1-5 already added, skipping
[INFO] org/apache/pdfbox/resources/cmap/UniJISPro-UTF8-V already added, skipping
[INFO] org/apache/pdfbox/resources/cmap/HKdlb-B5-V already added, skipping
[INFO] org/apache/pdfbox/resources/cmap/Add-RKSJ-H already added, skipping
[INFO] org/apache/pdfbox/resources/cmap/78-RKSJ-H already added, skipping
[INFO] org/apache/pdfbox/resources/cmap/HKscs-B5-H already added, skipping
[INFO] org/apache/pdfbox/resources/cmap/UniHojo-UTF16-V already added, skipping
[INFO] org/apache/pdfbox/resources/cmap/HKdla-B5-V already added, skipping
[INFO] org/apache/pdfbox/resources/cmap/78-EUC-V already added, skipping
[INFO] org/apache/pdfbox/resources/cmap/KSCms-UHC-H already added, skipping
[INFO] org/apache/pdfbox/resources/cmap/UniJIS2004-UTF8-H already added, skipping
[INFO] org/apache/pdfbox/resources/cmap/78-H already added, skipping
[INFO] org/apache/pdfbox/resources/cmap/UniGB-UCS2-V already added, skipping
[INFO] org/apache/pdfbox/resources/cmap/RKSJ-H already added, skipping
[INFO] org/apache/pdfbox/resources/cmap/Adobe-CNS1-0 already added, skipping
[INFO] org/apache/pdfbox/resources/cmap/78-EUC-H already added, skipping
[INFO] org/apache/pdfbox/resources/pdfbox.properties already added, skipping
[INFO] org/apache/pdfbox/resources/additional_glyphlist.txt already added, skipping
[INFO] META-INF/maven/ already added, skipping
[INFO] META-INF/maven/org.xml-cml/ already added, skipping
[INFO] Building jar: /var/hudson/workspace/workspace/pdf2svg/target/pdf2svg-0.1-SNAPSHOT-jar-with-dependencies.jar
[INFO] META-INF/ already added, skipping
[INFO] META-INF/MANIFEST.MF already added, skipping
[INFO] org/ already added, skipping
[INFO] META-INF/maven/ already added, skipping
[INFO] META-INF/MANIFEST.MF already added, skipping
[INFO] META-INF/ already added, skipping
[INFO] META-INF/maven/ already added, skipping
[INFO] org/ already added, skipping
[INFO] org/apache/ already added, skipping
[INFO] META-INF/ already added, skipping
[INFO] META-INF/MANIFEST.MF already added, skipping
[INFO] org/ already added, skipping
[INFO] org/apache/ already added, skipping
[INFO] org/apache/commons/ already added, skipping
[INFO] META-INF/LICENSE.txt already added, skipping
[INFO] META-INF/NOTICE.txt already added, skipping
[INFO] META-INF/maven/ already added, skipping
[INFO] META-INF/ already added, skipping
[INFO] META-INF/MANIFEST.MF already added, skipping
[INFO] org/ already added, skipping
[INFO] META-INF/LICENSE.txt already added, skipping
[INFO] META-INF/NOTICE.txt already added, skipping
[INFO] META-INF/maven/ already added, skipping
[INFO] META-INF/ already added, skipping
[INFO] META-INF/MANIFEST.MF already added, skipping
[INFO] org/ already added, skipping
[INFO] org/xmlcml/ already added, skipping
[INFO] header.txt already added, skipping
[INFO] META-INF/maven/ already added, skipping
[INFO] META-INF/maven/org.xml-cml/ already added, skipping
[INFO] META-INF/ already added, skipping
[INFO] META-INF/MANIFEST.MF already added, skipping
[INFO] org/ already added, skipping
[INFO] META-INF/ already added, skipping
[INFO] META-INF/MANIFEST.MF already added, skipping
[INFO] org/ already added, skipping
[INFO] META-INF/ already added, skipping
[INFO] META-INF/MANIFEST.MF already added, skipping
[INFO] org/ already added, skipping
[INFO] org/apache/ already added, skipping
[INFO] org/w3c/ already added, skipping
[INFO] org/w3c/dom/ already added, skipping
[INFO] org/w3c/dom/UserDataHandler.class already added, skipping
[INFO] META-INF/ already added, skipping
[INFO] META-INF/MANIFEST.MF already added, skipping
[INFO] org/ already added, skipping
[INFO] org/apache/ already added, skipping
[INFO] org/w3c/ already added, skipping
[INFO] org/w3c/dom/ already added, skipping
[INFO] org/w3c/dom/html/ already added, skipping
[INFO] META-INF/ already added, skipping
[INFO] META-INF/MANIFEST.MF already added, skipping
[INFO] META-INF/services/ already added, skipping
[INFO] org/ already added, skipping
[INFO] org/apache/ already added, skipping
[INFO] org/apache/xml/ already added, skipping
[INFO] META-INF/MANIFEST.MF already added, skipping
[INFO] META-INF/ already added, skipping
[INFO] META-INF/LICENSE already added, skipping
[INFO] META-INF/NOTICE already added, skipping
[INFO] META-INF/maven/ already added, skipping
[INFO] org/ already added, skipping
[INFO] org/apache/ already added, skipping
[INFO] META-INF/MANIFEST.MF already added, skipping
[INFO] META-INF/ already added, skipping
[INFO] META-INF/DEPENDENCIES already added, skipping
[INFO] META-INF/LICENSE already added, skipping
[INFO] META-INF/NOTICE already added, skipping
[INFO] META-INF/maven/ already added, skipping
[INFO] META-INF/maven/org.apache.pdfbox/ already added, skipping
[INFO] org/ already added, skipping
[INFO] org/apache/ already added, skipping
[INFO] META-INF/MANIFEST.MF already added, skipping
[INFO] META-INF/ already added, skipping
[INFO] META-INF/DEPENDENCIES already added, skipping
[INFO] META-INF/LICENSE already added, skipping
[INFO] META-INF/NOTICE already added, skipping
[INFO] META-INF/maven/ already added, skipping
[INFO] META-INF/maven/org.apache.pdfbox/ already added, skipping
[INFO] org/ already added, skipping
[INFO] org/apache/ already added, skipping
[INFO] META-INF/ already added, skipping
[INFO] META-INF/MANIFEST.MF already added, skipping
[INFO] org/ already added, skipping
[INFO] org/apache/ already added, skipping
[INFO] org/apache/commons/ already added, skipping
[INFO] META-INF/LICENSE already added, skipping
[INFO] META-INF/NOTICE already added, skipping
[INFO] META-INF/maven/ already added, skipping
[INFO] META-INF/ already added, skipping
[INFO] META-INF/MANIFEST.MF already added, skipping
[INFO] org/ already added, skipping
[INFO] org/xmlcml/ already added, skipping
[INFO] META-INF/maven/ already added, skipping
[INFO] META-INF/maven/org.xml-cml/ already added, skipping
[INFO] META-INF/ already added, skipping
[INFO] META-INF/MANIFEST.MF already added, skipping
[INFO] org/ already added, skipping
[INFO] org/xmlcml/ already added, skipping
[INFO] META-INF/maven/ already added, skipping
[INFO] META-INF/maven/org.xml-cml/ already added, skipping
[INFO] META-INF/ already added, skipping
[INFO] org/ already added, skipping
[INFO] org/w3c/ already added, skipping
[INFO] org/w3c/dom/ already added, skipping
[INFO] org/w3c/dom/Attr.class already added, skipping
[INFO] org/w3c/dom/CDATASection.class already added, skipping
[INFO] org/w3c/dom/CharacterData.class already added, skipping
[INFO] org/w3c/dom/Comment.class already added, skipping
[INFO] org/w3c/dom/DOMException.class already added, skipping
[INFO] org/w3c/dom/DOMImplementation.class already added, skipping
[INFO] org/w3c/dom/Document.class already added, skipping
[INFO] org/w3c/dom/DocumentFragment.class already added, skipping
[INFO] org/w3c/dom/DocumentType.class already added, skipping
[INFO] org/w3c/dom/Element.class already added, skipping
[INFO] org/w3c/dom/Entity.class already added, skipping
[INFO] org/w3c/dom/EntityReference.class already added, skipping
[INFO] org/w3c/dom/NamedNodeMap.class already added, skipping
[INFO] org/w3c/dom/Node.class already added, skipping
[INFO] org/w3c/dom/NodeList.class already added, skipping
[INFO] org/w3c/dom/Notation.class already added, skipping
[INFO] org/w3c/dom/ProcessingInstruction.class already added, skipping
[INFO] org/w3c/dom/Text.class already added, skipping
[INFO] org/xml/ already added, skipping
[INFO] org/xml/sax/ already added, skipping
[INFO] org/xml/sax/AttributeList.class already added, skipping
[INFO] org/xml/sax/Attributes.class already added, skipping
[INFO] org/xml/sax/ContentHandler.class already added, skipping
[INFO] org/xml/sax/DTDHandler.class already added, skipping
[INFO] org/xml/sax/DocumentHandler.class already added, skipping
[INFO] org/xml/sax/EntityResolver.class already added, skipping
[INFO] org/xml/sax/ErrorHandler.class already added, skipping
[INFO] org/xml/sax/HandlerBase.class already added, skipping
[INFO] org/xml/sax/InputSource.class already added, skipping
[INFO] org/xml/sax/Locator.class already added, skipping
[INFO] org/xml/sax/Parser.class already added, skipping
[INFO] org/xml/sax/SAXException.class already added, skipping
[INFO] org/xml/sax/SAXNotRecognizedException.class already added, skipping
[INFO] org/xml/sax/SAXNotSupportedException.class already added, skipping
[INFO] org/xml/sax/SAXParseException.class already added, skipping
[INFO] org/xml/sax/XMLFilter.class already added, skipping
[INFO] org/xml/sax/XMLReader.class already added, skipping
[INFO] META-INF/MANIFEST.MF already added, skipping
[INFO] META-INF/ already added, skipping
[INFO] META-INF/MANIFEST.MF already added, skipping
[INFO] org/ already added, skipping
[INFO] META-INF/LICENSE.txt already added, skipping
[INFO] META-INF/NOTICE.txt already added, skipping
[INFO] META-INF/maven/ already added, skipping
[INFO] META-INF/ already added, skipping
[INFO] META-INF/MANIFEST.MF already added, skipping
[INFO] META-INF/maven/ already added, skipping
[INFO] META-INF/ already added, skipping
[INFO] META-INF/MANIFEST.MF already added, skipping
[INFO] org/ already added, skipping
[INFO] org/apache/ already added, skipping
[INFO] org/apache/pdfbox/ already added, skipping
[INFO] org/apache/pdfbox/resources/ already added, skipping
[INFO] org/apache/pdfbox/resources/ttf/ already added, skipping
[INFO] org/apache/pdfbox/resources/cmap/ already added, skipping
[INFO] org/xmlcml/ already added, skipping
[INFO] log4j.properties already added, skipping
[INFO] org/apache/pdfbox/resources/PDFBox_External_Fonts.properties already added, skipping
[INFO] org/apache/pdfbox/resources/PageDrawer.properties already added, skipping
[INFO] org/apache/pdfbox/resources/FontMapping.properties already added, skipping
[INFO] org/apache/pdfbox/resources/PDFTextStripper.properties already added, skipping
[INFO] org/apache/pdfbox/resources/ttf/Arial-BoldItalicMT.ttf already added, skipping
[INFO] org/apache/pdfbox/resources/ttf/ArialMT.ttf already added, skipping
[INFO] org/apache/pdfbox/resources/ttf/Arial-BoldMT.ttf already added, skipping
[INFO] org/apache/pdfbox/resources/PDFMarkedContentExtractor.properties already added, skipping
[INFO] org/apache/pdfbox/resources/glyphlist.txt already added, skipping
[INFO] org/apache/pdfbox/resources/cmap/Add-H already added, skipping
[INFO] org/apache/pdfbox/resources/cmap/Hojo-EUC-H already added, skipping
[INFO] org/apache/pdfbox/resources/cmap/B5-V already added, skipping
[INFO] org/apache/pdfbox/resources/cmap/GBT-V already added, skipping
[INFO] org/apache/pdfbox/resources/cmap/GBT-EUC-V already added, skipping
[INFO] org/apache/pdfbox/resources/cmap/KSCms-UHC-V already added, skipping
[INFO] org/apache/pdfbox/resources/cmap/KSCms-UHC-HW-V already added, skipping
[INFO] org/apache/pdfbox/resources/cmap/GBK-EUC-H already added, skipping
[INFO] org/apache/pdfbox/resources/cmap/Adobe-Japan1-0 already added, skipping
[INFO] org/apache/pdfbox/resources/cmap/HKscs-B5-V already added, skipping
[INFO] org/apache/pdfbox/resources/cmap/CNS2-H already added, skipping
[INFO] org/apache/pdfbox/resources/cmap/GBTpc-EUC-H already added, skipping
[INFO] org/apache/pdfbox/resources/cmap/Hankaku already added, skipping
[INFO] org/apache/pdfbox/resources/cmap/UniCNS-UTF32-V already added, skipping
[INFO] org/apache/pdfbox/resources/cmap/Adobe-Japan1-6 already added, skipping
[INFO] org/apache/pdfbox/resources/cmap/UniJISX0213-UTF32-H already added, skipping
[INFO] org/apache/pdfbox/resources/cmap/UniHojo-UCS2-V already added, skipping
[INFO] org/apache/pdfbox/resources/cmap/UniKS-UTF16-H already added, skipping
[INFO] org/apache/pdfbox/resources/cmap/Adobe-CNS1-2 already added, skipping
[INFO] org/apache/pdfbox/resources/cmap/UniGB-UTF32-H already added, skipping
[INFO] org/apache/pdfbox/resources/cmap/UniKS-UCS2-H already added, skipping
[INFO] org/apache/pdfbox/resources/cmap/Roman already added, skipping
[INFO] org/apache/pdfbox/resources/cmap/Adobe-Japan1-1 already added, skipping
[INFO] org/apache/pdfbox/resources/cmap/90ms-RKSJ-V already added, skipping
[INFO] org/apache/pdfbox/resources/cmap/UniJISPro-UCS2-HW-V already added, skipping
[INFO] org/apache/pdfbox/resources/cmap/UniJIS-UCS2-HW-V already added, skipping
[INFO] org/apache/pdfbox/resources/cmap/UniJIS-UTF8-V already added, skipping
[INFO] org/apache/pdfbox/resources/cmap/90msp-RKSJ-V already added, skipping
[INFO] org/apache/pdfbox/resources/cmap/78-RKSJ-V already added, skipping
[INFO] org/apache/pdfbox/resources/cmap/Ext-RKSJ-V already added, skipping
[INFO] org/apache/pdfbox/resources/cmap/UniJIS-UCS2-HW-H already added, skipping
[INFO] org/apache/pdfbox/resources/cmap/UniJIS2004-UTF8-V already added, skipping
[INFO] org/apache/pdfbox/resources/cmap/GB-EUC-V already added, skipping
[INFO] org/apache/pdfbox/resources/cmap/90pv-RKSJ-H already added, skipping
[INFO] org/apache/pdfbox/resources/cmap/UniCNS-UCS2-H already added, skipping
[INFO] org/apache/pdfbox/resources/cmap/UniHojo-UTF32-H already added, skipping
[INFO] org/apache/pdfbox/resources/cmap/WP-Symbol already added, skipping
[INFO] org/apache/pdfbox/resources/cmap/Adobe-Korea1-UCS2 already added, skipping
[INFO] org/apache/pdfbox/resources/cmap/HKdla-B5-H already added, skipping
[INFO] org/apache/pdfbox/resources/cmap/B5pc-H already added, skipping
[INFO] org/apache/pdfbox/resources/cmap/Adobe-CNS1-6 already added, skipping
[INFO] org/apache/pdfbox/resources/cmap/ETen-B5-V already added, skipping
[INFO] org/apache/pdfbox/resources/cmap/Adobe-Japan1-UCS2 already added, skipping
[INFO] org/apache/pdfbox/resources/cmap/GB-H already added, skipping
[INFO] org/apache/pdfbox/resources/cmap/UniJISX02132004-UTF32-H already added, skipping
[INFO] org/apache/pdfbox/resources/cmap/Adobe-CNS1-1 already added, skipping
[INFO] org/apache/pdfbox/resources/cmap/UniHojo-UCS2-H already added, skipping
[INFO] org/apache/pdfbox/resources/cmap/GBT-EUC-H already added, skipping
[INFO] org/apache/pdfbox/resources/cmap/UniKS-UTF16-V already added, skipping
[INFO] org/apache/pdfbox/resources/cmap/Adobe-GB1-1 already added, skipping
[INFO] org/apache/pdfbox/resources/cmap/KSC-Johab-H already added, skipping
[INFO] org/apache/pdfbox/resources/cmap/KSC-EUC-H already added, skipping
[INFO] org/apache/pdfbox/resources/cmap/UniJIS-UTF32-V already added, skipping
[INFO] org/apache/pdfbox/resources/cmap/KSC-Johab-V already added, skipping
[INFO] org/apache/pdfbox/resources/cmap/NWP-H already added, skipping
[INFO] org/apache/pdfbox/resources/cmap/HKm471-B5-V already added, skipping
[INFO] org/apache/pdfbox/resources/cmap/GB-EUC-H already added, skipping
[INFO] org/apache/pdfbox/resources/cmap/Ext-H already added, skipping
[INFO] org/apache/pdfbox/resources/cmap/UniJIS-UCS2-H already added, skipping
[INFO] org/apache/pdfbox/resources/cmap/90ms-RKSJ-H already added, skipping
[INFO] org/apache/pdfbox/resources/cmap/Adobe-Japan2-0 already added, skipping
[INFO] org/apache/pdfbox/resources/cmap/GBKp-EUC-V already added, skipping
[INFO] org/apache/pdfbox/resources/cmap/Adobe-Japan1-3 already added, skipping
[INFO] org/apache/pdfbox/resources/cmap/ETHK-B5-V already added, skipping
[INFO] org/apache/pdfbox/resources/cmap/UniGB-UTF16-H already added, skipping
[INFO] org/apache/pdfbox/resources/cmap/UniCNS-UTF16-V already added, skipping
[INFO] org/apache/pdfbox/resources/cmap/Adobe-CNS1-5 already added, skipping
[INFO] org/apache/pdfbox/resources/cmap/CNS1-V already added, skipping
[INFO] org/apache/pdfbox/resources/cmap/83pv-RKSJ-H already added, skipping
[INFO] org/apache/pdfbox/resources/cmap/GBpc-EUC-H already added, skipping
[INFO] org/apache/pdfbox/resources/cmap/GBK2K-H already added, skipping
[INFO] org/apache/pdfbox/resources/cmap/CNS-EUC-H already added, skipping
[INFO] org/apache/pdfbox/resources/cmap/UniGB-UCS2-H already added, skipping
[INFO] org/apache/pdfbox/resources/cmap/GB-V already added, skipping
[INFO] org/apache/pdfbox/resources/cmap/Ext-V already added, skipping
[INFO] org/apache/pdfbox/resources/cmap/Add-RKSJ-V already added, skipping
[INFO] org/apache/pdfbox/resources/cmap/90pv-RKSJ-V already added, skipping
[INFO] org/apache/pdfbox/resources/cmap/Adobe-CNS1-3 already added, skipping
[INFO] org/apache/pdfbox/resources/cmap/UniHojo-UTF8-H already added, skipping
[INFO] org/apache/pdfbox/resources/cmap/Add-V already added, skipping
[INFO] org/apache/pdfbox/resources/cmap/Adobe-CNS1-4 already added, skipping
[INFO] org/apache/pdfbox/resources/cmap/UniJIS-UTF16-V already added, skipping
[INFO] org/apache/pdfbox/resources/cmap/UniGB-UTF32-V already added, skipping
[INFO] org/apache/pdfbox/resources/cmap/CNS1-H already added, skipping
[INFO] org/apache/pdfbox/resources/cmap/Identity-V already added, skipping
[INFO] org/apache/pdfbox/resources/cmap/UniJIS2004-UTF16-V already added, skipping
[INFO] org/apache/pdfbox/resources/cmap/UniHojo-UTF16-H already added, skipping
[INFO] org/apache/pdfbox/resources/cmap/UniHojo-UTF32-V already added, skipping
[INFO] org/apache/pdfbox/resources/cmap/Adobe-GB1-4 already added, skipping
[INFO] org/apache/pdfbox/resources/cmap/GBK-EUC-V already added, skipping
[INFO] org/apache/pdfbox/resources/cmap/GBTpc-EUC-V already added, skipping
[INFO] org/apache/pdfbox/resources/cmap/UniKS-UTF8-V already added, skipping
[INFO] org/apache/pdfbox/resources/cmap/UniGB-UTF8-H already added, skipping
[INFO] org/apache/pdfbox/resources/cmap/UniKS-UCS2-V already added, skipping
[INFO] org/apache/pdfbox/resources/cmap/Adobe-Japan1-4 already added, skipping
[INFO] org/apache/pdfbox/resources/cmap/EUC-H already added, skipping
[INFO] org/apache/pdfbox/resources/cmap/78-V already added, skipping
[INFO] org/apache/pdfbox/resources/cmap/UniCNS-UCS2-V already added, skipping
[INFO] org/apache/pdfbox/resources/cmap/KSCms-UHC-HW-H already added, skipping
[INFO] org/apache/pdfbox/resources/cmap/Hojo-EUC-V already added, skipping
[INFO] org/apache/pdfbox/resources/cmap/KSCpc-EUC-V already added, skipping
[INFO] org/apache/pdfbox/resources/cmap/UniJIS-UTF32-H already added, skipping
[INFO] org/apache/pdfbox/resources/cmap/Katakana already added, skipping
[INFO] org/apache/pdfbox/resources/cmap/UniJISX02132004-UTF32-V already added, skipping
[INFO] org/apache/pdfbox/resources/cmap/HKgccs-B5-H already added, skipping
[INFO] org/apache/pdfbox/resources/cmap/KSC-H already added, skipping
[INFO] org/apache/pdfbox/resources/cmap/ETen-B5-H already added, skipping
[INFO] org/apache/pdfbox/resources/cmap/Adobe-Japan1-2 already added, skipping
[INFO] org/apache/pdfbox/resources/cmap/GBT-H already added, skipping
[INFO] org/apache/pdfbox/resources/cmap/Adobe-Korea1-1 already added, skipping
[INFO] org/apache/pdfbox/resources/cmap/UniGB-UTF16-V already added, skipping
[INFO] org/apache/pdfbox/resources/cmap/UniCNS-UTF32-H already added, skipping
[INFO] org/apache/pdfbox/resources/cmap/Adobe-GB1-2 already added, skipping
[INFO] org/apache/pdfbox/resources/cmap/GBKp-EUC-H already added, skipping
[INFO] org/apache/pdfbox/resources/cmap/HKm314-B5-V already added, skipping
[INFO] org/apache/pdfbox/resources/cmap/RKSJ-V already added, skipping
[INFO] org/apache/pdfbox/resources/cmap/HKm314-B5-H already added, skipping
[INFO] org/apache/pdfbox/resources/cmap/UniJIS2004-UTF32-V already added, skipping
[INFO] org/apache/pdfbox/resources/cmap/UniJIS2004-UTF32-H already added, skipping
[INFO] org/apache/pdfbox/resources/cmap/UniKS-UTF32-H already added, skipping
[INFO] org/apache/pdfbox/resources/cmap/B5-H already added, skipping
[INFO] org/apache/pdfbox/resources/cmap/KSC-V already added, skipping
[INFO] org/apache/pdfbox/resources/cmap/UniJISX0213-UTF32-V already added, skipping
[INFO] org/apache/pdfbox/resources/cmap/UniJIS-UTF16-H already added, skipping
[INFO] org/apache/pdfbox/resources/cmap/UniJIS2004-UTF16-H already added, skipping
[INFO] org/apache/pdfbox/resources/cmap/UniJISPro-UCS2-V already added, skipping
[INFO] org/apache/pdfbox/resources/cmap/Hiragana already added, skipping
[INFO] org/apache/pdfbox/resources/cmap/78ms-RKSJ-H already added, skipping
[INFO] org/apache/pdfbox/resources/cmap/ETenms-B5-H already added, skipping
[INFO] org/apache/pdfbox/resources/cmap/UniKS-UTF32-V already added, skipping
[INFO] org/apache/pdfbox/resources/cmap/UniCNS-UTF8-V already added, skipping
[INFO] org/apache/pdfbox/resources/cmap/Adobe-GB1-3 already added, skipping
[INFO] org/apache/pdfbox/resources/cmap/NWP-V already added, skipping
[INFO] org/apache/pdfbox/resources/cmap/GBK2K-V already added, skipping
[INFO] org/apache/pdfbox/resources/cmap/UniJIS-UCS2-V already added, skipping
[INFO] org/apache/pdfbox/resources/cmap/Ext-RKSJ-H already added, skipping
[INFO] org/apache/pdfbox/resources/cmap/Identity-H already added, skipping
[INFO] org/apache/pdfbox/resources/cmap/Adobe-CNS1-UCS2 already added, skipping
[INFO] org/apache/pdfbox/resources/cmap/B5pc-V already added, skipping
[INFO] org/apache/pdfbox/resources/cmap/CNS-EUC-V already added, skipping
[INFO] org/apache/pdfbox/resources/cmap/78ms-RKSJ-V already added, skipping
[INFO] org/apache/pdfbox/resources/cmap/Hojo-H already added, skipping
[INFO] org/apache/pdfbox/resources/cmap/UniJIS-UTF8-H already added, skipping
[INFO] org/apache/pdfbox/resources/cmap/UniKS-UTF8-H already added, skipping
[INFO] org/apache/pdfbox/resources/cmap/EUC-V already added, skipping
[INFO] org/apache/pdfbox/resources/cmap/KSC-EUC-V already added, skipping
[INFO] org/apache/pdfbox/resources/cmap/HKm471-B5-H already added, skipping
[INFO] org/apache/pdfbox/resources/cmap/GBpc-EUC-V already added, skipping
[INFO] org/apache/pdfbox/resources/cmap/Hojo-V already added, skipping
[INFO] org/apache/pdfbox/resources/cmap/UniCNS-UTF8-H already added, skipping
[INFO] org/apache/pdfbox/resources/cmap/HKgccs-B5-V already added, skipping
[INFO] org/apache/pdfbox/resources/cmap/Adobe-Korea1-2 already added, skipping
[INFO] org/apache/pdfbox/resources/cmap/Adobe-Korea1-0 already added, skipping
[INFO] org/apache/pdfbox/resources/cmap/UniCNS-UTF16-H already added, skipping
[INFO] org/apache/pdfbox/resources/cmap/90msp-RKSJ-H already added, skipping
[INFO] org/apache/pdfbox/resources/cmap/Adobe-GB1-5 already added, skipping
[INFO] org/apache/pdfbox/resources/cmap/UniHojo-UTF8-V already added, skipping
[INFO] org/apache/pdfbox/resources/cmap/UniGB-UTF8-V already added, skipping
[INFO] org/apache/pdfbox/resources/cmap/HKdlb-B5-H already added, skipping
[INFO] org/apache/pdfbox/resources/cmap/Adobe-GB1-UCS2 already added, skipping
[INFO] org/apache/pdfbox/resources/cmap/CNS2-V already added, skipping
[INFO] org/apache/pdfbox/resources/cmap/KSCpc-EUC-H already added, skipping
[INFO] org/apache/pdfbox/resources/cmap/ETenms-B5-V already added, skipping
[INFO] org/apache/pdfbox/resources/cmap/ETHK-B5-H already added, skipping
[INFO] org/apache/pdfbox/resources/cmap/Adobe-GB1-0 already added, skipping
[INFO] org/apache/pdfbox/resources/cmap/Adobe-Japan1-5 already added, skipping
[INFO] org/apache/pdfbox/resources/cmap/UniJISPro-UTF8-V already added, skipping
[INFO] org/apache/pdfbox/resources/cmap/HKdlb-B5-V already added, skipping
[INFO] org/apache/pdfbox/resources/cmap/Add-RKSJ-H already added, skipping
[INFO] org/apache/pdfbox/resources/cmap/78-RKSJ-H already added, skipping
[INFO] org/apache/pdfbox/resources/cmap/HKscs-B5-H already added, skipping
[INFO] org/apache/pdfbox/resources/cmap/UniHojo-UTF16-V already added, skipping
[INFO] org/apache/pdfbox/resources/cmap/HKdla-B5-V already added, skipping
[INFO] org/apache/pdfbox/resources/cmap/78-EUC-V already added, skipping
[INFO] org/apache/pdfbox/resources/cmap/KSCms-UHC-H already added, skipping
[INFO] org/apache/pdfbox/resources/cmap/UniJIS2004-UTF8-H already added, skipping
[INFO] org/apache/pdfbox/resources/cmap/78-H already added, skipping
[INFO] org/apache/pdfbox/resources/cmap/UniGB-UCS2-V already added, skipping
[INFO] org/apache/pdfbox/resources/cmap/RKSJ-H already added, skipping
[INFO] org/apache/pdfbox/resources/cmap/Adobe-CNS1-0 already added, skipping
[INFO] org/apache/pdfbox/resources/cmap/78-EUC-H already added, skipping
[INFO] org/apache/pdfbox/resources/pdfbox.properties already added, skipping
[INFO] org/apache/pdfbox/resources/additional_glyphlist.txt already added, skipping
[INFO] META-INF/maven/ already added, skipping
[INFO] META-INF/maven/org.xml-cml/ already added, skipping
mojoSucceeded org.apache.maven.plugins:maven-assembly-plugin:2.2(make-assembly)
mojoStarted org.apache.maven.plugins:maven-install-plugin:2.3.1(default-install)
[INFO] 
[INFO] --- maven-install-plugin:2.3.1:install (default-install) @ pdf2svg ---
[INFO] Installing /var/hudson/workspace/workspace/pdf2svg/target/pdf2svg-0.1-SNAPSHOT.jar to /var/hudson/workspace/workspace/pdf2svg/.repository/org/xml-cml/pdf2svg/0.1-SNAPSHOT/pdf2svg-0.1-SNAPSHOT.jar
[INFO] Installing /var/hudson/workspace/workspace/pdf2svg/pom.xml to /var/hudson/workspace/workspace/pdf2svg/.repository/org/xml-cml/pdf2svg/0.1-SNAPSHOT/pdf2svg-0.1-SNAPSHOT.pom
[INFO] Installing /var/hudson/workspace/workspace/pdf2svg/target/pdf2svg-0.1-SNAPSHOT-sources.jar to /var/hudson/workspace/workspace/pdf2svg/.repository/org/xml-cml/pdf2svg/0.1-SNAPSHOT/pdf2svg-0.1-SNAPSHOT-sources.jar
[INFO] Installing /var/hudson/workspace/workspace/pdf2svg/target/pdf2svg-0.1-SNAPSHOT-jar-with-dependencies.jar to /var/hudson/workspace/workspace/pdf2svg/.repository/org/xml-cml/pdf2svg/0.1-SNAPSHOT/pdf2svg-0.1-SNAPSHOT-jar-with-dependencies.jar
mojoSucceeded org.apache.maven.plugins:maven-install-plugin:2.3.1(default-install)
projectSucceeded org.xml-cml:pdf2svg:0.1-SNAPSHOT
sessionEnded
[INFO] ------------------------------------------------------------------------
[INFO] BUILD SUCCESS
[INFO] ------------------------------------------------------------------------
[INFO] Total time: 43.018s
[INFO] Finished at: Wed Nov 21 07:02:40 GMT 2012
[INFO] Final Memory: 18M/45M
[INFO] ------------------------------------------------------------------------
Projects to build: [MavenProject: org.xml-cml:pdf2svg:0.1-SNAPSHOT @ /var/hudson/workspace/workspace/pdf2svg/pom.xml]
[JENKINS] Archiving /var/hudson/workspace/workspace/pdf2svg/pom.xml to /var/hudson/workspace/jobs/pdf2svg/modules/org.xml-cml$pdf2svg/builds/2012-11-21_07-01-53/archive/org.xml-cml/pdf2svg/0.1-SNAPSHOT/pdf2svg-0.1-SNAPSHOT.pom
[JENKINS] Archiving /var/hudson/workspace/workspace/pdf2svg/target/pdf2svg-0.1-SNAPSHOT.jar to /var/hudson/workspace/jobs/pdf2svg/modules/org.xml-cml$pdf2svg/builds/2012-11-21_07-01-53/archive/org.xml-cml/pdf2svg/0.1-SNAPSHOT/pdf2svg-0.1-SNAPSHOT.jar
[JENKINS] Archiving /var/hudson/workspace/workspace/pdf2svg/target/pdf2svg-0.1-SNAPSHOT-sources.jar to /var/hudson/workspace/jobs/pdf2svg/modules/org.xml-cml$pdf2svg/builds/2012-11-21_07-01-53/archive/org.xml-cml/pdf2svg/0.1-SNAPSHOT/pdf2svg-0.1-SNAPSHOT-sources.jar
[JENKINS] Archiving /var/hudson/workspace/workspace/pdf2svg/target/pdf2svg-0.1-SNAPSHOT-jar-with-dependencies.jar to /var/hudson/workspace/jobs/pdf2svg/modules/org.xml-cml$pdf2svg/builds/2012-11-21_07-01-53/archive/org.xml-cml/pdf2svg/0.1-SNAPSHOT/pdf2svg-0.1-SNAPSHOT-jar-with-dependencies.jar
Waiting for Jenkins to finish collecting data
channel stopped
Maven RedeployPublisher use remote slave-linux maven settings from : /home/hudson/.m2/settings.xml
[ERROR] uniqueVersion == false is not anymore supported in maven 3
[INFO] Deployment in https://maven.ch.cam.ac.uk/content/repositories/snapshots/ (id=ch-snapshot-repo,uniqueVersion=false)
Deploying the main artifact pdf2svg-0.1-SNAPSHOT.jar
Downloading: https://maven.ch.cam.ac.uk/content/repositories/snapshots/org/xml-cml/pdf2svg/0.1-SNAPSHOT/maven-metadata.xml
Uploading: https://maven.ch.cam.ac.uk/content/repositories/snapshots/org/xml-cml/pdf2svg/0.1-SNAPSHOT/pdf2svg-0.1-20121121.070253-1.jar
Uploaded: https://maven.ch.cam.ac.uk/content/repositories/snapshots/org/xml-cml/pdf2svg/0.1-SNAPSHOT/pdf2svg-0.1-20121121.070253-1.jar (2763 KB at 2682.1 KB/sec)
Uploading: https://maven.ch.cam.ac.uk/content/repositories/snapshots/org/xml-cml/pdf2svg/0.1-SNAPSHOT/pdf2svg-0.1-20121121.070253-1.pom
Uploaded: https://maven.ch.cam.ac.uk/content/repositories/snapshots/org/xml-cml/pdf2svg/0.1-SNAPSHOT/pdf2svg-0.1-20121121.070253-1.pom (5 KB at 16.7 KB/sec)
Downloading: https://maven.ch.cam.ac.uk/content/repositories/snapshots/org/xml-cml/pdf2svg/maven-metadata.xml
Uploading: https://maven.ch.cam.ac.uk/content/repositories/snapshots/org/xml-cml/pdf2svg/0.1-SNAPSHOT/maven-metadata.xml
Uploaded: https://maven.ch.cam.ac.uk/content/repositories/snapshots/org/xml-cml/pdf2svg/0.1-SNAPSHOT/maven-metadata.xml (762 B at 0.0 KB/sec)
Uploading: https://maven.ch.cam.ac.uk/content/repositories/snapshots/org/xml-cml/pdf2svg/maven-metadata.xml
Uploaded: https://maven.ch.cam.ac.uk/content/repositories/snapshots/org/xml-cml/pdf2svg/maven-metadata.xml (276 B at 0.8 KB/sec)
Deploying the main artifact pdf2svg-0.1-SNAPSHOT-sources.jar
Uploading: https://maven.ch.cam.ac.uk/content/repositories/snapshots/org/xml-cml/pdf2svg/0.1-SNAPSHOT/pdf2svg-0.1-20121121.070253-1-sources.jar
Uploaded: https://maven.ch.cam.ac.uk/content/repositories/snapshots/org/xml-cml/pdf2svg/0.1-SNAPSHOT/pdf2svg-0.1-20121121.070253-1-sources.jar (2745 KB at 92.7 KB/sec)
Uploading: https://maven.ch.cam.ac.uk/content/repositories/snapshots/org/xml-cml/pdf2svg/0.1-SNAPSHOT/maven-metadata.xml
Uploaded: https://maven.ch.cam.ac.uk/content/repositories/snapshots/org/xml-cml/pdf2svg/0.1-SNAPSHOT/maven-metadata.xml (974 B at 2.4 KB/sec)
Deploying the main artifact pdf2svg-0.1-SNAPSHOT-jar-with-dependencies.jar
Uploading: https://maven.ch.cam.ac.uk/content/repositories/snapshots/org/xml-cml/pdf2svg/0.1-SNAPSHOT/pdf2svg-0.1-20121121.070253-1-jar-with-dependencies.jar
Uploaded: https://maven.ch.cam.ac.uk/content/repositories/snapshots/org/xml-cml/pdf2svg/0.1-SNAPSHOT/pdf2svg-0.1-20121121.070253-1-jar-with-dependencies.jar (13999 KB at 483.7 KB/sec)
Uploading: https://maven.ch.cam.ac.uk/content/repositories/snapshots/org/xml-cml/pdf2svg/0.1-SNAPSHOT/maven-metadata.xml
Uploaded: https://maven.ch.cam.ac.uk/content/repositories/snapshots/org/xml-cml/pdf2svg/0.1-SNAPSHOT/maven-metadata.xml (2 KB at 1.0 KB/sec)
[INFO] Deployment done in 1 min 32 sec
Triggering a new build of svgplus #3
Finished: SUCCESS